0 info it worked if it ends with ok
1 verbose cli [ '/usr/bin/node', '/usr/bin/npm', 'run', 'webhook' ]
2 info using npm@3.5.2
3 info using node@v8.10.0
4 verbose run-script [ 'prewebhook', 'webhook', 'postwebhook' ]
5 info lifecycle server@1.0.0~prewebhook: server@1.0.0
6 silly lifecycle server@1.0.0~prewebhook: no script for prewebhook, continuing
7 info lifecycle server@1.0.0~webhook: server@1.0.0
8 verbose lifecycle server@1.0.0~webhook: unsafe-perm in lifecycle true
9 verbose lifecycle server@1.0.0~webhook: PATH: /usr/share/npm/bin/node-gyp-bin:/mnt/c/Users/macie/FullstackWorkspace/server/node_modules/.bin:/usr/share/npm/bin/node-gyp-bin:/mnt/c/Users/macie/FullstackWorkspace/server/node_modules/.bin:/usr/local/sbin:/usr/local/bin:/usr/sbin:/usr/bin:/sbin:/bin:/usr/games:/usr/local/games:/mnt/c/Program Files (x86)/Common Files/Oracle/Java/javapath:/mnt/c/Windows/System32:/mnt/c/Windows:/mnt/c/Windows/System32/wbem:/mnt/c/Windows/System32/WindowsPowerShell/v1.0:/mnt/c/Windows/System32/OpenSSH:/mnt/c/Program Files/Microsoft VS Code/bin:/mnt/c/Program Files/Intel/WiFi/bin:/mnt/c/Program Files/Common Files/Intel/WirelessCommon:/mnt/c/Program Files/Git/cmd:/mnt/c/Program Files/MATLAB/R2017b/runtime/win64:/mnt/c/Program Files/MATLAB/R2017b/bin:/mnt/c/Users/macie/AppData/Local/Microsoft/WindowsApps:/mnt/c/Program Files/Intel/WiFi/bin:/mnt/c/Program Files/Common Files/Intel/WirelessCommon:/mnt/c/texlive/2018/bin/win32:/snap/bin
10 verbose lifecycle server@1.0.0~webhook: CWD: /mnt/c/Users/macie/FullstackWorkspace/server
11 silly lifecycle server@1.0.0~webhook: Args: [ '-c', 'lt -p 5000 sdagdfa' ]
12 silly lifecycle server@1.0.0~webhook: Returned: code: 1  signal: null
13 info lifecycle server@1.0.0~webhook: Failed to exec webhook script
14 verbose stack Error: server@1.0.0 webhook: `lt -p 5000 sdagdfa`
14 verbose stack Exit status 1
14 verbose stack     at EventEmitter.<anonymous> (/usr/share/npm/lib/utils/lifecycle.js:232:16)
14 verbose stack     at emitTwo (events.js:126:13)
14 verbose stack     at EventEmitter.emit (events.js:214:7)
14 verbose stack     at ChildProcess.<anonymous> (/usr/share/npm/lib/utils/spawn.js:24:14)
14 verbose stack     at emitTwo (events.js:126:13)
14 verbose stack     at ChildProcess.emit (events.js:214:7)
14 verbose stack     at maybeClose (internal/child_process.js:925:16)
14 verbose stack     at Process.ChildProcess._handle.onexit (internal/child_process.js:209:5)
15 verbose pkgid server@1.0.0
16 verbose cwd /mnt/c/Users/macie/FullstackWorkspace/server
17 error Linux 4.4.0-17763-Microsoft
18 error argv "/usr/bin/node" "/usr/bin/npm" "run" "webhook"
19 error node v8.10.0
20 error npm  v3.5.2
21 error code ELIFECYCLE
22 error server@1.0.0 webhook: `lt -p 5000 sdagdfa`
22 error Exit status 1
23 error Failed at the server@1.0.0 webhook script 'lt -p 5000 sdagdfa'.
23 error Make sure you have the latest version of node.js and npm installed.
23 error If you do, this is most likely a problem with the server package,
23 error not with npm itself.
23 error Tell the author that this fails on your system:
23 error     lt -p 5000 sdagdfa
23 error You can get information on how to open an issue for this project with:
23 error     npm bugs server
23 error Or if that isn't available, you can get their info via:
23 error     npm owner ls server
23 error There is likely additional logging output above.
24 verbose exit [ 1, true ]
